<?xml version="1.0" encoding="UTF-8"?>
<!-- Generated by org.testng.reporters.JUnitXMLReporter -->
<testsuite ignored="0" hostname="TheClaw17" failures="1" tests="6" name="Surefire test" time="41.722" errors="0" timestamp="2024-09-07T11:27:12 IST">
  <testcase classname="testFW.tests.ErrorValidationsTest" name="LoginErrorValidation" time="0.97">
    <skipped/>
  </testcase> <!-- LoginErrorValidation -->
  <testcase classname="testFW.tests.ErrorValidationsTest" name="LoginErrorValidation" time="0.857">
    <failure type="java.lang.AssertionError" message="expected [Login Successfully] but found [Incorrect emails  or password.]">
      <![CDATA[java.lang.AssertionError: expected [Login Successfully] but found [Incorrect emails  or password.]
at testFW.tests.ErrorValidationsTest.LoginErrorValidation(ErrorValidationsTest.java:20)
at java.base/java.util.ArrayList.forEach(ArrayList.java:1596)
... Removed 36 stack frames]]>
    </failure>
  </testcase> <!-- LoginErrorValidation -->
  <testcase classname="testFW.tests.ErrorValidationsTest" name="ProductErrorValidation" time="2.703"/>
  <testcase classname="testFW.tests.SubmitOrderTest" name="submitOrder" time="3.419"/>
  <testcase classname="testFW.tests.SubmitOrderTest" name="submitOrder" time="3.501"/>
  <testcase classname="testFW.tests.SubmitOrderTest" name="OrderHistoryTest" time="1.078"/>
</testsuite> <!-- Surefire test -->
